<?xml version="1.0" encoding="UTF-8"?>
<!-- Generated by org.testng.reporters.JUnitReportReporter -->
<testsuite skipped="0" hostname="FissionLabs-PC" name="com.fission.callx.ReportsDataValidation" tests="3" failures="0" timestamp="24 May 2018 07:11:02 GMT" time="14.103" errors="0">
  <testcase name="adminLogin" time="0.832" classname="com.fission.callx.ReportsDataValidation"/>
  <testcase name="getReportData" time="12.965" classname="com.fission.callx.ReportsDataValidation"/>
  <testcase name="validateUIAnaAPIData" time="0.306" classname="com.fission.callx.ReportsDataValidation"/>
</testsuite> <!-- com.fission.callx.ReportsDataValidation -->
