<?xml version="1.0" encoding="UTF-8"?>
<!-- Generated by org.testng.reporters.JUnitReportReporter -->
<testsuite skipped="0" hostname="FissionLabs-PC" name="com.fission.callx.SaleCount" tests="2" failures="0" timestamp="23 May 2018 10:01:41 GMT" time="7.428" errors="0">
  <testcase name="adminLogin" time="2.329" classname="com.fission.callx.SaleCount"/>
  <testcase name="compareUIAndAPISalesCount" time="5.099" classname="com.fission.callx.SaleCount"/>
</testsuite> <!-- com.fission.callx.SaleCount -->
