<?xml version="1.0" encoding="UTF-8"?>
<!-- Generated by org.testng.reporters.JUnitReportReporter -->
<testsuite skipped="1" hostname="FissionLabs-PC" name="com.fission.callx.ReportsDataValidationDP" tests="7" failures="0" timestamp="24 May 2018 05:14:58 GMT" time="36.250" errors="0">
  <testcase name="adminLogin" time="2.143" classname="com.fission.callx.ReportsDataValidationDP"/>
  <testcase name="validateUiAndApiReportsData" time="1.236" classname="com.fission.callx.ReportsDataValidationDP">
    <skipped/>
  </testcase> <!-- validateUiAndApiReportsData -->
  <testcase name="validateUiAndApiReportsData" time="1.978" classname="com.fission.callx.ReportsDataValidationDP"/>
  <testcase name="validateUiAndApiReportsData" time="2.458" classname="com.fission.callx.ReportsDataValidationDP"/>
  <testcase name="validateUiAndApiReportsData" time="1.732" classname="com.fission.callx.ReportsDataValidationDP"/>
  <testcase name="validateUiAndApiReportsData" time="1.807" classname="com.fission.callx.ReportsDataValidationDP"/>
  <testcase name="validateUiAndApiReportsData" time="24.896" classname="com.fission.callx.ReportsDataValidationDP"/>
</testsuite> <!-- com.fission.callx.ReportsDataValidationDP -->
